#! /opt/local/bin/vvp
:ivl_version "11.0 (stable)" "(v11_0)";
:ivl_delay_selection "TYPICAL";
:vpi_time_precision + 0;
:vpi_module "/opt/local/lib/ivl/system.vpi";
:vpi_module "/opt/local/lib/ivl/vhdl_sys.vpi";
:vpi_module "/opt/local/lib/ivl/vhdl_textio.vpi";
:vpi_module "/opt/local/lib/ivl/v2005_math.vpi";
:vpi_module "/opt/local/lib/ivl/va_math.vpi";
S_0x140607e90 .scope module, "full_adder_behav_tb" "full_adder_behav_tb" 2 2;
 .timescale 0 0;
v0x140622610_0 .var "a_tb", 0 0;
v0x1406226c0_0 .var "b_tb", 0 0;
v0x140622750_0 .net "c_tb", 0 0, v0x140622180_0;  1 drivers
v0x140622800_0 .var "cin_tb", 0 0;
v0x1406228b0_0 .net "s_tb", 0 0, v0x1406224f0_0;  1 drivers
S_0x140609fd0 .scope module, "uut" "full_adder_behave" 2 4, 3 2 0, S_0x140607e90;
 .timescale 0 0;
    .port_info 0 /INPUT 1 "a";
    .port_info 1 /INPUT 1 "b";
    .port_info 2 /INPUT 1 "cin";
    .port_info 3 /OUTPUT 1 "s";
    .port_info 4 /OUTPUT 1 "c";
v0x14060a140_0 .net "a", 0 0, v0x140622610_0;  1 drivers
v0x1406220e0_0 .net "b", 0 0, v0x1406226c0_0;  1 drivers
v0x140622180_0 .var "c", 0 0;
v0x140622230_0 .net "cin", 0 0, v0x140622800_0;  1 drivers
v0x1406222d0_0 .var "l", 0 0;
v0x1406223b0_0 .var "m", 0 0;
v0x140622450_0 .var "n", 0 0;
v0x1406224f0_0 .var "s", 0 0;
E_0x140608450 .event edge, v0x140622180_0, v0x1406220e0_0, v0x14060a140_0;
    .scope S_0x140609fd0;
T_0 ;
    %wait E_0x140608450;
    %load/vec4 v0x14060a140_0;
    %load/vec4 v0x1406220e0_0;
    %and;
    %store/vec4 v0x1406222d0_0, 0, 1;
    %load/vec4 v0x1406220e0_0;
    %load/vec4 v0x140622230_0;
    %and;
    %store/vec4 v0x1406223b0_0, 0, 1;
    %load/vec4 v0x14060a140_0;
    %load/vec4 v0x140622230_0;
    %and;
    %store/vec4 v0x140622450_0, 0, 1;
    %load/vec4 v0x1406222d0_0;
    %load/vec4 v0x1406223b0_0;
    %or;
    %load/vec4 v0x140622450_0;
    %or;
    %store/vec4 v0x140622180_0, 0, 1;
    %load/vec4 v0x14060a140_0;
    %load/vec4 v0x1406220e0_0;
    %xor;
    %load/vec4 v0x140622230_0;
    %xor;
    %store/vec4 v0x1406224f0_0, 0, 1;
    %jmp T_0;
    .thread T_0, $push;
    .scope S_0x140607e90;
T_1 ;
    %vpi_call 2 7 "$dumpfile", "full_adder_behave_tb.vcd" {0 0 0};
    %vpi_call 2 8 "$dumpvars", 32'sb00000000000000000000000000000000, S_0x140607e90 {0 0 0};
    %vpi_call 2 9 "$monitor", $time, "a_tb=%b, b_tb=%b, cin_tb=%b, s_tb=%b, c_tb=%b", v0x140622610_0, v0x1406226c0_0, v0x140622800_0, v0x1406228b0_0, v0x140622750_0 {0 0 0};
    %pushi/vec4 0, 0, 1;
    %store/vec4 v0x140622610_0, 0, 1;
    %pushi/vec4 0, 0, 1;
    %store/vec4 v0x1406226c0_0, 0, 1;
    %pushi/vec4 1, 0, 1;
    %store/vec4 v0x140622800_0, 0, 1;
    %delay 5, 0;
    %pushi/vec4 0, 0, 1;
    %store/vec4 v0x140622610_0, 0, 1;
    %pushi/vec4 1, 0, 1;
    %store/vec4 v0x1406226c0_0, 0, 1;
    %pushi/vec4 0, 0, 1;
    %store/vec4 v0x140622800_0, 0, 1;
    %delay 5, 0;
    %pushi/vec4 0, 0, 1;
    %store/vec4 v0x140622610_0, 0, 1;
    %pushi/vec4 1, 0, 1;
    %store/vec4 v0x1406226c0_0, 0, 1;
    %pushi/vec4 1, 0, 1;
    %store/vec4 v0x140622800_0, 0, 1;
    %delay 5, 0;
    %pushi/vec4 1, 0, 1;
    %store/vec4 v0x140622610_0, 0, 1;
    %pushi/vec4 0, 0, 1;
    %store/vec4 v0x1406226c0_0, 0, 1;
    %pushi/vec4 0, 0, 1;
    %store/vec4 v0x140622800_0, 0, 1;
    %delay 5, 0;
    %pushi/vec4 1, 0, 1;
    %store/vec4 v0x140622610_0, 0, 1;
    %pushi/vec4 0, 0, 1;
    %store/vec4 v0x1406226c0_0, 0, 1;
    %pushi/vec4 1, 0, 1;
    %store/vec4 v0x140622800_0, 0, 1;
    %delay 5, 0;
    %pushi/vec4 1, 0, 1;
    %store/vec4 v0x140622610_0, 0, 1;
    %pushi/vec4 1, 0, 1;
    %store/vec4 v0x1406226c0_0, 0, 1;
    %pushi/vec4 0, 0, 1;
    %store/vec4 v0x140622800_0, 0, 1;
    %delay 5, 0;
    %pushi/vec4 1, 0, 1;
    %store/vec4 v0x140622610_0, 0, 1;
    %pushi/vec4 1, 0, 1;
    %store/vec4 v0x1406226c0_0, 0, 1;
    %pushi/vec4 1, 0, 1;
    %store/vec4 v0x140622800_0, 0, 1;
    %delay 5, 0;
    %vpi_call 2 18 "$finish" {0 0 0};
    %end;
    .thread T_1;
# The file index is used to find the file name in the following table.
:file_names 4;
    "N/A";
    "<interactive>";
    "full_adder_behave_tb.v";
    "./full_adder_behave.v";
