#! /opt/local/bin/vvp
:ivl_version "11.0 (stable)" "(v11_0)";
:ivl_delay_selection "TYPICAL";
:vpi_time_precision + 0;
:vpi_module "/opt/local/lib/ivl/system.vpi";
:vpi_module "/opt/local/lib/ivl/vhdl_sys.vpi";
:vpi_module "/opt/local/lib/ivl/vhdl_textio.vpi";
:vpi_module "/opt/local/lib/ivl/v2005_math.vpi";
:vpi_module "/opt/local/lib/ivl/va_math.vpi";
S_0x127608b40 .scope module, "Half_adder_behave_tb" "Half_adder_behave_tb" 2 2;
 .timescale 0 0;
v0x12761d090_0 .var "a", 0 0;
v0x12761d130_0 .var "b", 0 0;
v0x12761d1e0_0 .net "c", 0 0, v0x12761cee0_0;  1 drivers
v0x12761d2b0_0 .net "s", 0 0, v0x12761cf90_0;  1 drivers
S_0x1276075f0 .scope module, "g1" "Half_adder_behave" 2 6, 3 2 0, S_0x127608b40;
 .timescale 0 0;
    .port_info 0 /INPUT 1 "a";
    .port_info 1 /INPUT 1 "b";
    .port_info 2 /OUTPUT 1 "c";
    .port_info 3 /OUTPUT 1 "s";
v0x12760d180_0 .net "a", 0 0, v0x12761d090_0;  1 drivers
v0x12761ce40_0 .net "b", 0 0, v0x12761d130_0;  1 drivers
v0x12761cee0_0 .var "c", 0 0;
v0x12761cf90_0 .var "s", 0 0;
E_0x127608f70 .event edge, v0x12761ce40_0, v0x12760d180_0;
    .scope S_0x1276075f0;
T_0 ;
    %wait E_0x127608f70;
    %load/vec4 v0x12760d180_0;
    %load/vec4 v0x12761ce40_0;
    %xor;
    %store/vec4 v0x12761cee0_0, 0, 1;
    %load/vec4 v0x12760d180_0;
    %load/vec4 v0x12761ce40_0;
    %and;
    %store/vec4 v0x12761cf90_0, 0, 1;
    %jmp T_0;
    .thread T_0, $push;
    .scope S_0x127608b40;
T_1 ;
    %vpi_call 2 9 "$dumpfile", "Half_adder_behave_tb.vcd" {0 0 0};
    %vpi_call 2 10 "$dumpvars", 32'sb00000000000000000000000000000000, S_0x127608b40 {0 0 0};
    %pushi/vec4 0, 0, 1;
    %store/vec4 v0x12761d090_0, 0, 1;
    %pushi/vec4 0, 0, 1;
    %store/vec4 v0x12761d130_0, 0, 1;
    %delay 10, 0;
    %pushi/vec4 0, 0, 1;
    %store/vec4 v0x12761d090_0, 0, 1;
    %pushi/vec4 1, 0, 1;
    %store/vec4 v0x12761d130_0, 0, 1;
    %delay 10, 0;
    %pushi/vec4 1, 0, 1;
    %store/vec4 v0x12761d090_0, 0, 1;
    %pushi/vec4 0, 0, 1;
    %store/vec4 v0x12761d130_0, 0, 1;
    %delay 10, 0;
    %pushi/vec4 1, 0, 1;
    %store/vec4 v0x12761d090_0, 0, 1;
    %pushi/vec4 1, 0, 1;
    %store/vec4 v0x12761d130_0, 0, 1;
    %delay 10, 0;
    %end;
    .thread T_1;
# The file index is used to find the file name in the following table.
:file_names 4;
    "N/A";
    "<interactive>";
    "Half_adder_behavioual_tb.v";
    "./Half_adder_behavioual.v";
